# JRE version: Java(TM) SE Runtime Environment (10.0.2+13) (build 10.0.2+13)
# Java VM: Java HotSpot(TM) 64-Bit Server VM (10.0.2+13, mixed mode, tiered, compressed oops, g1 gc, bsd-amd64)
Heap:
 garbage-first heap   total 131072K, used 48993K [0x0000000740000000, 0x00000007c0000000)
  region size 1024K, 36 young (36864K), 5 survivors (5120K)
 Metaspace       used 36936K, capacity 37622K, committed 38272K, reserved 1083392K
  class space    used 3853K, capacity 4167K, committed 4224K, reserved 1048576K
GC Heap History (10 events):
Event: 31.779 GC heap before
{Heap before GC invocations=9 (full 0):
 garbage-first heap   total 131072K, used 80660K [0x0000000740000000, 0x00000007c0000000)
  region size 1024K, 66 young (67584K), 6 survivors (6144K)
 Metaspace       used 36913K, capacity 37558K, committed 38272K, reserved 1083392K
  class space    used 3851K, capacity 4167K, committed 4224K, reserved 1048576K
}
Event: 31.791 GC heap after
{Heap after GC invocations=10 (full 0):
 garbage-first heap   total 131072K, used 18279K [0x0000000740000000, 0x00000007c0000000)
  region size 1024K, 5 young (5120K), 5 survivors (5120K)
 Metaspace       used 36913K, capacity 37558K, committed 38272K, reserved 1083392K
  class space    used 3851K, capacity 4167K, committed 4224K, reserved 1048576K
}
Event: 46.019 GC heap before
{Heap before GC invocations=10 (full 0):
 garbage-first heap   total 131072K, used 90983K [0x0000000740000000, 0x00000007c0000000)
  region size 1024K, 76 young (77824K), 5 survivors (5120K)
 Metaspace       used 36914K, capacity 37558K, committed 38272K, reserved 1083392K
  class space    used 3852K, capacity 4167K, committed 4224K, reserved 1048576K
}
Event: 46.032 GC heap after
{Heap after GC invocations=11 (full 0):
 garbage-first heap   total 131072K, used 18278K [0x0000000740000000, 0x00000007c0000000)
  region size 1024K, 5 young (5120K), 5 survivors (5120K)
 Metaspace       used 36914K, capacity 37558K, committed 38272K, reserved 1083392K
  class space    used 3852K, capacity 4167K, committed 4224K, reserved 1048576K
}
Event: 59.890 GC heap before
{Heap before GC invocations=11 (full 0):
 garbage-first heap   total 131072K, used 90982K [0x0000000740000000, 0x00000007c0000000)
  region size 1024K, 76 young (77824K), 5 survivors (5120K)
 Metaspace       used 36914K, capacity 37558K, committed 38272K, reserved 1083392K
  class space    used 3852K, capacity 4167K, committed 4224K, reserved 1048576K
}
Event: 59.899 GC heap after
{Heap after GC invocations=12 (full 0):
 garbage-first heap   total 131072K, used 18152K [0x0000000740000000, 0x00000007c0000000)
  region size 1024K, 5 young (5120K), 5 survivors (5120K)
 Metaspace       used 36914K, capacity 37558K, committed 38272K, reserved 1083392K
  class space    used 3852K, capacity 4167K, committed 4224K, reserved 1048576K
}
Event: 73.669 GC heap before
{Heap before GC invocations=12 (full 0):
 garbage-first heap   total 131072K, used 90856K [0x0000000740000000, 0x00000007c0000000)
  region size 1024K, 76 young (77824K), 5 survivors (5120K)
 Metaspace       used 36914K, capacity 37558K, committed 38272K, reserved 1083392K
  class space    used 3852K, capacity 4167K, committed 4224K, reserved 1048576K
}
Event: 73.677 GC heap after
{Heap after GC invocations=13 (full 0):
 garbage-first heap   total 131072K, used 18279K [0x0000000740000000, 0x00000007c0000000)
  region size 1024K, 5 young (5120K), 5 survivors (5120K)
 Metaspace       used 36914K, capacity 37558K, committed 38272K, reserved 1083392K
  class space    used 3852K, capacity 4167K, committed 4224K, reserved 1048576K
}
Event: 87.370 GC heap before
{Heap before GC invocations=13 (full 0):
 garbage-first heap   total 131072K, used 90983K [0x0000000740000000, 0x00000007c0000000)
  region size 1024K, 76 young (77824K), 5 survivors (5120K)
 Metaspace       used 36914K, capacity 37558K, committed 38272K, reserved 1083392K
  class space    used 3852K, capacity 4167K, committed 4224K, reserved 1048576K
}
Event: 87.375 GC heap after
{Heap after GC invocations=14 (full 0):
 garbage-first heap   total 131072K, used 18273K [0x0000000740000000, 0x00000007c0000000)
  region size 1024K, 5 young (5120K), 5 survivors (5120K)
 Metaspace       used 36914K, capacity 37558K, committed 38272K, reserved 1083392K
  class space    used 3852K, capacity 4167K, committed 4224K, reserved 1048576K
}

